#
# There is insufficient memory for the Java Runtime Environment to continue.
# Native memory allocation (mmap) failed to map 268435456 bytes for G1 virtual space
# Possible reasons:
#   The system is out of physical RAM or swap space
#   The process is running with CompressedOops enabled, and the Java Heap may be blocking the growth of the native heap
# Possible solutions:
#   Reduce memory load on the system
#   Increase physical memory or swap space
#   Check if swap backing store is full
#   Decrease Java heap size (-Xmx/-Xms)
#   Decrease number of Java threads
#   Decrease Java thread stack sizes (-Xss)
#   Set larger code cache with -XX:ReservedCodeCacheSize=
#   JVM is running with Unscaled Compressed Oops mode in which the Java heap is
#     placed in the first 4GB address space. The Java Heap base address is the
#     maximum limit for the native heap growth. Please use -XX:HeapBaseMinAddress
#     to set the Java Heap base and to place the Java Heap above 4GB virtual address.
# This output file may be truncated or incomplete.
#
#  Out of Memory Error (os_windows.cpp:3530), pid=25092, tid=7464
#
# JRE version:  (18.0.1.1+2) (build )
# Java VM: Java HotSpot(TM) 64-Bit Server VM (18.0.1.1+2-6, mixed mode, sharing, tiered, compressed oops, compressed class ptrs, g1 gc, windows-amd64)
# No core dump will be written. Minidumps are not enabled by default on client versions of Windows
#

---------------  S U M M A R Y ------------

Command Line: -Djava.awt.headless=true -Dorg.gradle.internal.worker.tmpdir=G:\lib-ntduc-let\utils\AnimationUtils\build\tmp\testDebugUnitTest\work -Dorg.gradle.native=false --add-opens=java.base/java.util=ALL-UNNAMED --add-opens=java.base/java.lang=ALL-UNNAMED -Xmx512m -Dfile.encoding=UTF-8 -Duser.country=US -Duser.language=en -Duser.variant -ea worker.org.gradle.process.internal.worker.GradleWorkerMain 'Gradle Test Executor 3'

Host: Intel(R) Core(TM) i5-8300H CPU @ 2.30GHz, 8 cores, 15G,  Windows 11 , 64 bit Build 22000 (10.0.22000.708)
Time: Wed Sep 14 08:48:55 2022 SE Asia Standard Time elapsed time: 0.197668 seconds (0d 0h 0m 0s)

---------------  T H R E A D  ---------------

Current thread (0x00000237c42dd400):  JavaThread "Unknown thread" [_thread_in_vm, id=7464, stack(0x0000006ca2d00000,0x0000006ca2e00000)]

Stack: [0x0000006ca2d00000,0x0000006ca2e00000]
Native frames: (J=compiled Java code, j=interpreted, Vv=VM code, C=native code)
V  [jvm.dll+0x69887a]
V  [jvm.dll+0x7f38bd]
V  [jvm.dll+0x7f51ce]
V  [jvm.dll+0x7f5883]
V  [jvm.dll+0x25ca3f]
V  [jvm.dll+0x6957c9]
V  [jvm.dll+0x68a2fa]
V  [jvm.dll+0x321efb]
V  [jvm.dll+0x3298d6]
V  [jvm.dll+0x37e47e]
V  [jvm.dll+0x37e6af]
V  [jvm.dll+0x2f9c7a]
V  [jvm.dll+0x2facdd]
V  [jvm.dll+0x7c24f0]
V  [jvm.dll+0x38b801]
V  [jvm.dll+0x7a1203]
V  [jvm.dll+0x40d6bf]
V  [jvm.dll+0x40f091]
C  [jli.dll+0x526b]
C  [ucrtbase.dll+0x26c0c]
C  [KERNEL32.DLL+0x154e0]
C  [ntdll.dll+0x485b]


---------------  P R O C E S S  ---------------

Threads class SMR info:
_java_thread_list=0x00007ffd6d68d550, length=0, elements={
}

Java Threads: ( => current thread )

Other Threads:
  0x00000237c4312c40 WorkerThread "GC Thread#0" [stack: 0x0000006ca2e00000,0x0000006ca2f00000] [id=21488]
  0x00000237c4319200 ConcurrentGCThread "G1 Main Marker" [stack: 0x0000006ca2f00000,0x0000006ca3000000] [id=10360]
  0x00000237c431a2a0 WorkerThread "G1 Conc#0" [stack: 0x0000006ca3000000,0x0000006ca3100000] [id=13252]

[error occurred during error reporting (printing all threads), id 0xc0000005, EXCEPTION_ACCESS_VIOLATION (0xc0000005) at pc=0x00007ffd6ceba217]

VM state: not at safepoint (not fully initialized)

VM Mutex/Monitor currently owned by a thread:  ([mutex/lock_event])
[0x00000237c42daa80] Heap_lock - owner thread: 0x00000237c42dd400

Heap address: 0x00000000e0000000, size: 512 MB, Compressed Oops mode: 32-bit

CDS archive(s) mapped at: [0x0000000000000000-0x0000000000000000-0x0000000000000000), size 0, SharedBaseAddress: 0x0000000800000000, ArchiveRelocationMode: 0.
Narrow klass base: 0x0000000000000000, Narrow klass shift: 0, Narrow klass range: 0x0

GC Precious Log:
 CardTable entry size: 512
 Card Set container configuration: InlinePtr #cards 5 size 8 Array Of Cards #cards 12 size 40 Howl #buckets 4 coarsen threshold 1843 Howl Bitmap #cards 512 size 80 coarsen threshold 460 Card regions per heap region 1 cards per card region 2048

Heap:
 garbage-first heap   total 0K, used 0K [0x00000000e0000000, 0x0000000100000000)
  region size 1024K, 0 young (0K), 0 survivors (0K)

[error occurred during error reporting (printing heap information), id 0xc0000005, EXCEPTION_ACCESS_VIOLATION (0xc0000005) at pc=0x00007ffd6d2a0cb9]

GC Heap History (0 events):
No events

Deoptimization events (0 events):
No events

Classes loaded (0 events):
No events

Classes unloaded (0 events):
No events

Classes redefined (0 events):
No events

Internal exceptions (0 events):
No events

VM Operations (0 events):
No events

Events (1 events):
Event: 0.015 Loaded shared library C:\Program Files\Java\jdk-18.0.1.1\bin\java.dll


Dynamic libraries:
0x00007ff6a2ca0000 - 0x00007ff6a2cb0000 	C:\Program Files\Java\jdk-18.0.1.1\bin\java.exe
0x00007ffe305c0000 - 0x00007ffe307c9000 	C:\WINDOWS\SYSTEM32\ntdll.dll
0x00007ffe2fbe0000 - 0x00007ffe2fc9d000 	C:\WINDOWS\System32\KERNEL32.DLL
0x00007ffe2ddc0000 - 0x00007ffe2e13c000 	C:\WINDOWS\System32\KERNELBASE.dll
0x00007ffe2e1c0000 - 0x00007ffe2e2d1000 	C:\WINDOWS\System32\ucrtbase.dll
0x00007ffdf1520000 - 0x00007ffdf1538000 	C:\Program Files\Java\jdk-18.0.1.1\bin\jli.dll
0x00007ffdf0400000 - 0x00007ffdf041a000 	C:\Program Files\Java\jdk-18.0.1.1\bin\VCRUNTIME140.dll
0x00007ffe2f340000 - 0x00007ffe2f3ee000 	C:\WINDOWS\System32\ADVAPI32.dll
0x00007ffe2ff70000 - 0x00007ffe30013000 	C:\WINDOWS\System32\msvcrt.dll
0x00007ffe2fb30000 - 0x00007ffe2fbce000 	C:\WINDOWS\System32\sechost.dll
0x00007ffe2e450000 - 0x00007ffe2e570000 	C:\WINDOWS\System32\RPCRT4.dll
0x00007ffe303d0000 - 0x00007ffe3057d000 	C:\WINDOWS\System32\USER32.dll
0x00007ffe151f0000 - 0x00007ffe15495000 	C:\WINDOWS\WinSxS\amd64_microsoft.windows.common-controls_6595b64144ccf1df_6.0.22000.120_none_9d947278b86cc467\COMCTL32.dll
0x00007ffe2dc30000 - 0x00007ffe2dc56000 	C:\WINDOWS\System32\win32u.dll
0x00007ffe30160000 - 0x00007ffe30189000 	C:\WINDOWS\System32\GDI32.dll
0x00007ffe2db10000 - 0x00007ffe2dc28000 	C:\WINDOWS\System32\gdi32full.dll
0x00007ffe24030000 - 0x00007ffe2403a000 	C:\WINDOWS\SYSTEM32\VERSION.dll
0x00007ffe2dc60000 - 0x00007ffe2dcfd000 	C:\WINDOWS\System32\msvcp_win.dll
0x00007ffe2fdc0000 - 0x00007ffe2fdf1000 	C:\WINDOWS\System32\IMM32.DLL
0x00007ffe14040000 - 0x00007ffe1404c000 	C:\Program Files\Java\jdk-18.0.1.1\bin\vcruntime140_1.dll
0x00007ffda2c80000 - 0x00007ffda2d0d000 	C:\Program Files\Java\jdk-18.0.1.1\bin\msvcp140.dll
0x00007ffd6cbb0000 - 0x00007ffd6d7c0000 	C:\Program Files\Java\jdk-18.0.1.1\bin\server\jvm.dll
0x00007ffe2f870000 - 0x00007ffe2f878000 	C:\WINDOWS\System32\PSAPI.DLL
0x00007ffe28ab0000 - 0x00007ffe28ab9000 	C:\WINDOWS\SYSTEM32\WSOCK32.dll
0x00007ffe26a50000 - 0x00007ffe26a83000 	C:\WINDOWS\SYSTEM32\WINMM.dll
0x00007ffe2eab0000 - 0x00007ffe2eb1f000 	C:\WINDOWS\System32\WS2_32.dll
0x00007ffe2cbd0000 - 0x00007ffe2cbe8000 	C:\WINDOWS\SYSTEM32\kernel.appcore.dll
0x00007ffe10c50000 - 0x00007ffe10c5a000 	C:\Program Files\Java\jdk-18.0.1.1\bin\jimage.dll
0x00007ffe28e60000 - 0x00007ffe29081000 	C:\WINDOWS\SYSTEM32\DBGHELP.DLL
0x00007ffe0a1d0000 - 0x00007ffe0a201000 	C:\WINDOWS\SYSTEM32\dbgcore.DLL
0x00007ffe2e140000 - 0x00007ffe2e1bf000 	C:\WINDOWS\System32\bcryptPrimitives.dll
0x00007ffda7640000 - 0x00007ffda7665000 	C:\Program Files\Java\jdk-18.0.1.1\bin\java.dll

dbghelp: loaded successfully - version: 4.0.5 - missing functions: none
symbol engine: initialized successfully - sym options: 0x614 - pdb path: .;C:\Program Files\Java\jdk-18.0.1.1\bin;C:\WINDOWS\SYSTEM32;C:\WINDOWS\WinSxS\amd64_microsoft.windows.common-controls_6595b64144ccf1df_6.0.22000.120_none_9d947278b86cc467;C:\Program Files\Java\jdk-18.0.1.1\bin\server

VM Arguments:
jvm_args: -Djava.awt.headless=true -Dorg.gradle.internal.worker.tmpdir=G:\lib-ntduc-let\utils\AnimationUtils\build\tmp\testDebugUnitTest\work -Dorg.gradle.native=false --add-opens=java.base/java.util=ALL-UNNAMED --add-opens=java.base/java.lang=ALL-UNNAMED -Xmx512m -Dfile.encoding=UTF-8 -Duser.country=US -Duser.language=en -Duser.variant -ea 
java_command: worker.org.gradle.process.internal.worker.GradleWorkerMain 'Gradle Test Executor 3'
java_class_path (initial): C:\\Users\\ducle\\.gradle\\caches\\7.3.3\\workerMain\\gradle-worker.jar;G:\\lib-ntduc-let\\utils\\AnimationUtils\\build\\tmp\\kotlin-classes\\debugUnitTest;G:\\lib-ntduc-let\\utils\\AnimationUtils\\build\\intermediates\\runtime_library_classes_jar\\debug\\classes.jar;C:\\Users\\ducle\\.gradle\\caches\\modules-2\\files-2.1\\junit\\junit\\4.13.2\\8ac9e16d933b6fb43bc7f576336b8f4d7eb5ba12\\junit-4.13.2.jar;C:\\Users\\ducle\\.gradle\\caches\\modules-2\\files-2.1\\org.jetbrains.kotlin\\kotlin-stdlib-jdk8\\1.7.10\\d70d7d2c56371f7aa18f32e984e3e2e998fe9081\\kotlin-stdlib-jdk8-1.7.10.jar;C:\\Users\\ducle\\.gradle\\caches\\transforms-3\\d74feef17effd060b780d6f6e121c0ae\\transformed\\core-ktx-1.7.0-runtime.jar;C:\\Users\\ducle\\.gradle\\caches\\transforms-3\\20bf73f2b03faed53e59a347d6fef181\\transformed\\material-1.6.1-runtime.jar;C:\\Users\\ducle\\.gradle\\caches\\transforms-3\\780091f8be942aa44a8e2cda6f4d6040\\transformed\\constraintlayout-2.0.1-runtime.jar;C:\\Users\\ducle\\.gradle\\caches\\transforms-3\\11be0b59167c0e654e02580a3d346f4f\\transformed\\appcompat-1.4.2-runtime.jar;C:\\Users\\ducle\\.gradle\\caches\\modules-2\\files-2.1\\org.hamcrest\\hamcrest-core\\1.3\\42a25dc3219429f0e5d060061f71acb49bf010a0\\hamcrest-core-1.3.jar;C:\\Users\\ducle\\.gradle\\caches\\modules-2\\files-2.1\\org.jetbrains.kotlin\\kotlin-stdlib-jdk7\\1.7.10\\1ef73fee66f45d52c67e2aca12fd945dbe0659bf\\kotlin-stdlib-jdk7-1.7.10.jar;C:\\Users\\ducle\\.gradle\\caches\\modules-2\\files-2.1\\org.jetbrains.kotlin\\kotlin-stdlib\\1.7.10\\d2abf9e77736acc4450dc4a3f707fa2c10f5099d\\kotlin-stdlib-1.7.10.jar;C:\\Users\\ducle\\.gradle\\caches\\transforms-3\\413604d27ac97931eed4df2123fbcec4\\transformed\\viewpager2-1.0.0-runtime.jar;C:\\Users\\ducle\\.gradle\\caches\\transforms-3\\0b1ec062091f822c446e26e713c35868\\transformed\\fragment-1.3.6-runtime.jar;C:\\Users\\ducle\\.gradle\\caches\\transforms-3\\b15bac8bd4070dd14149747e7c61d6d1\\transformed\\activity-1.2.4-runtime.jar;C:\\Users\\ducle\\.gradle\\caches\\transforms-3\\ee4551b7e0f85c05c71535ff45386694\\transformed\\appcompat-resources-1.4.2-runtime.jar;C:\\Users\\ducle\\.gradle\\caches\\transforms-3\\c5591cf83225082636fc564989123102\\transformed\\emoji2-views-helper-1.0.0-runtime.jar;C:\\Users\\ducle\\.gradle\\caches\\transforms-3\\c7830b71a5dcecfbf4995b7d2f891baa\\transformed\\emoji2-1.0.0-runtime.jar;C:\\Users\\ducle\\.gradle\\caches\\transforms-3\\549218808a95139686e292c4e146cdc7\\transformed\\drawerlayout-1.1.1-runtime.jar;C:\\Users\\ducle\\.gradle\\caches\\transforms-3\\d62ca3940091dc5a6805113459ccc65f\\transformed\\coordinatorlayout-1.1.0-runtime.jar;C:\\Users\\ducle\\.gradle\\caches\\transforms-3\\8bd8b939e9420984db333c9384adf4e0\\transformed\\dynamicanimation-1.0.0-runtime.jar;C:\\Users\\ducle\\.gradle\\caches\\transforms-3\\0457b92e367ca376733d1c70361c2ff4\\transformed\\transition-1.2.0-runtime.jar;C:\\Users\\ducle\\.gradle\\caches\\transforms-3\\ca6a205bdb61317f823c1cf8b1b81c1c\\transformed\\vectordrawable-animated-1.1.0-runtime.jar;C:\\Users\\ducle\\.gradle\\caches\\transforms-3\\9f4d7164d9a1b2701f5e851e3237802f\\transformed\\vectordrawable-1.1.0-runtime.jar;C:\\Users\\ducle\\.gradle\\caches\\transforms-3\\cf1b0a47bebf74c17ac001d65bff91bd\\transformed\\viewpager-1.0.0-runtime.jar;C:\\Users\\ducle\\.gradle\\caches\\transforms-3\\4cc934c84cf1a2028e1f5732aca0d634\\transformed\\legacy-support-core-utils-1.0.0-runtime.jar;C:\\Users\\ducle\\.gradle\\caches\\transforms-3\\e407f9b9a43505b13e904ffea2a4b4ca\\transformed\\loader-1.0.0-runtime.jar;C:\\Users\\ducle\\.gradle\\caches\\transforms-3\\d773521f625199b265ef68c8f2994cd2\\transformed\\recyclerview-1.1.0-runtime.jar;C:\\Users\\ducle\\.gradle\\caches\\transforms-3\\542c6ee3556a7e7c0bdf90455033b9b3\\transformed\\customview-1.1.0-runtime.jar;C:\\Users\\ducle\\.gradle\\caches\\transforms-3\\aa8a1848927243c9c0c34bba8f837ea3\\transformed\\core-1.7.0-runtime.jar;C:\\Users\\ducle\\.gradle\\caches\\transforms-3\\5fa5f9e4547c0150a78a26ad69af39f9\\transformed\\cursoradapter-1.0.0-runtime.jar;C:\\Users\\ducle\\.gradle\\caches\\transforms-3\\adc796794a1ec0bf2191fc6986fa0b6d\\transformed\\lifecycle-viewmodel-savedstate-2.3.1-runtime.jar;C:\\Users\\ducle\\.gradle\\caches\\transforms-3\\43fa285d8388ae3d959ffd1ebaecf975\\transformed\\savedstate-1.1.0-runtime.jar;C:\\Users\\ducle\\.gradle\\caches\\transforms-3\\5e5d3a4759cf8d57b3844404c5c87a91\\transformed\\lifecycle-viewmodel-2.3.1-runtime.jar;C:\\Users\\ducle\\.gradle\\caches\\modules-2\\files-2.1\\androidx.resourceinspection\\resourceinspection-annotation\\1.0.0\\8c21f8ff5d96d5d52c948707f7e4d6ca6773feef\\resourceinspection-annotation-1.0.0.jar;C:\\Users\\ducle\\.gradle\\caches\\transforms-3\\fdadfd6580143f88c92df53ad4a59e01\\transformed\\cardview-1.0.0-runtime.jar;C:\\Users\\ducle\\.gradle\\caches\\transforms-3\\29215fd4e21af1d9239853c377acb83f\\transformed\\versionedparcelable-1.1.1-runtime.jar;C:\\Users\\ducle\\.gradle\\caches\\modules-2\\files-2.1\\androidx.concurrent\\concurrent-futures\\1.0.0\\c1e77e3ee6f4643b77496a1ddf7a2eef1aefdaa1\\concurrent-futures-1.0.0.jar;C:\\Users\\ducle\\.gradle\\caches\\transforms-3\\14bc4f3711da8705662a5a78883acbf3\\transformed\\lifecycle-process-2.4.0-runtime.jar;C:\\Users\\ducle\\.gradle\\caches\\transforms-3\\ce54b7658a119202162705309d0d1825\\transformed\\startup-runtime-1.0.0-runtime.jar;C:\\Users\\ducle\\.gradle\\caches\\transforms-3\\a6fe08382e20507e6b4304950d538c75\\transformed\\tracing-1.0.0-runtime.jar;C:\\Users\\ducle\\.gradle\\caches\\modules-2\\files-2.1\\androidx.collection\\collection\\1.1.0\\1f27220b47669781457de0d600849a5de0e89909\\collection-1.1.0.jar;C:\\Users\\ducle\\.gradle\\caches\\transforms-3\\14c180b7746bcdcbbd776b77a5a8bd64\\transformed\\lifecycle-livedata-2.0.0-runtime.jar;C:\\Users\\ducle\\.gradle\\caches\\transforms-3\\faa6d400e01d998133204b07cf478f76\\transformed\\lifecycle-livedata-core-2.3.1-runtime.jar;C:\\Users\\ducle\\.gradle\\caches\\transforms-3\\a33afaa56bc62612420b0319e94f7e15\\transformed\\lifecycle-runtime-2.4.0-runtime.jar;C:\\Users\\ducle\\.gradle\\caches\\transforms-3\\34bdaf1c9e32d5e9fd5492568ff053f9\\transformed\\core-runtime-2.1.0-runtime.jar;C:\\Users\\ducle\\.gradle\\caches\\modules-2\\files-2.1\\androidx.arch.core\\core-common\\2.1.0\\b3152fc64428c9354344bd89848ecddc09b6f07e\\core-common-2.1.0.jar;C:\\Users\\ducle\\.gradle\\caches\\transforms-3\\c3fd206a2d97fd80e65fae24ee89deeb\\transformed\\interpolator-1.0.0-runtime.jar;C:\\Users\\ducle\\.gradle\\caches\\transforms-3\\ea5173acf106286d2191422d56288aab\\transformed\\documentfile-1.0.0-runtime.jar;C:\\Users\\ducle\\.gradle\\caches\\transforms-3\\a529d7bfa73900161f9438408d2fe764\\transformed\\localbroadcastmanager-1.0.0-runtime.jar;C:\\Users\\ducle\\.gradle\\caches\\transforms-3\\74402ef41c39bbf2f50a3a110065714e\\transformed\\print-1.0.0-runtime.jar;C:\\Users\\ducle\\.gradle\\caches\\modules-2\\files-2.1\\androidx.lifecycle\\lifecycle-common\\2.4.0\\1fdb7349701e9cf2f0a69fc10642b6fef6bb3e12\\lifecycle-common-2.4.0.jar;C:\\Users\\ducle\\.gradle\\caches\\modules-2\\files-2.1\\androidx.annotation\\annotation\\1.3.0\\21f49f5f9b85fc49de712539f79123119740595\\annotation-1.3.0.jar;C:\\Users\\ducle\\.gradle\\caches\\transforms-3\\16e9f71746ca0eac66d9397e274c038e\\transformed\\annotation-experimental-1.1.0-runtime.jar;C:\\Users\\ducle\\.gradle\\caches\\modules-2\\files-2.1\\org.jetbrains.kotlin\\kotlin-stdlib-common\\1.7.10\\bac80c520d0a9e3f3673bc2658c6ed02ef45a76a\\kotlin-stdlib-common-1.7.10.jar;C:\\Users\\ducle\\.gradle\\caches\\modules-2\\files-2.1\\org.jetbrains\\annotations\\13.0\\919f0dfe192fb4e063e7dacadee7f8bb9a2672a9\\annotations-13.0.jar;C:\\Users\\ducle\\.gradle\\caches\\modules-2\\files-2.1\\androidx.constraintlayout\\constraintlayout-solver\\2.0.1\\30988fe2d77f3fe3bf7551bb8a8b795fad7e7226\\constraintlayout-solver-2.0.1.jar;C:\\Users\\ducle\\.gradle\\caches\\modules-2\\files-2.1\\com.google.guava\\listenablefuture\\1.0\\c949a840a6acbc5268d088e47b04177bf90b3cad\\listenablefuture-1.0.jar;G:\\lib-ntduc-let\\utils\\AnimationUtils\\build\\intermediates\\library_java_res\\debug\\res.jar;C:\\Users\\ducle\\.gradle\\caches\\transforms-3\\b38732263ad177d03fca9f3fff141acb\\transformed\\core-ktx-1.7.0\\jars\\classes.jar;C:\\Users\\ducle\\.gradle\\caches\\transforms-3\\774d0d3a13b6beba303a5e47a803f60d\\transformed\\material-1.6.1\\jars\\classes.jar;C:\\Users\\ducle\\.gradle\\caches\\transforms-3\\b9c242760b37f192f03d4107f13c9795\\transformed\\constraintlayout-2.0.1\\jars\\classes.jar;C:\\Users\\ducle\\.gradle\\caches\\transforms-3\\fed8138b8c14b0de3b2f80f3c854f505\\transformed\\appcompat-1.4.2\\jars\\classes.jar;C:\\Users\\ducle\\.gradle\\caches\\transforms-3\\96c38e11afecc2c8ee7006d66f86e724\\transformed\\viewpager2-1.0.0\\jars\\classes.jar;C:\\Users\\ducle\\.gradle\\caches\\transforms-3\\c360f0a0c1f3a855fc54088084919eaa\\transformed\\fragment-1.3.6\\jars\\classes.jar;C:\\Users\\ducle\\.gradle\\caches\\transforms-3\\9aa7c64688b5fe629d43fa4abc5d066c\\transformed\\activity-1.2.4\\jars\\classes.jar;C:\\Users\\ducle\\.gradle\\caches\\transforms-3\\8a8e4e8a9a1bbd330f42ac0b984fd8f9\\transformed\\appcompat-resources-1.4.2\\jars\\classes.jar;C:\\Users\\ducle\\.gradle\\caches\\transforms-3\\925086b35081cf02cc7325c9a577d813\\transformed\\emoji2-views-helper-1.0.0\\jars\\classes.jar;C:\\Users\\ducle\\.gradle\\caches\\transforms-3\\9aaf19766cf2f99f8ced0d7a1d3d13a8\\transformed\\emoji2-1.0.0\\jars\\classes.jar;C:\\Users\\ducle\\.gradle\\caches\\transforms-3\\9aaf19766cf2f99f8ced0d7a1d3d13a8\\transformed\\emoji2-1.0.0\\jars\\libs\\repackaged.jar;C:\\Users\\ducle\\.gradle\\caches\\transforms-3\\080377a3309aad73029c1f6553567a17\\transformed\\drawerlayout-1.1.1\\jars\\classes.jar;C:\\Users\\ducle\\.gradle\\caches\\transforms-3\\7561b9e6093016aa01b26929732a3087\\transformed\\coordinatorlayout-1.1.0\\jars\\classes.jar;C:\\Users\\ducle\\.gradle\\caches\\transforms-3\\0e5f13305a2a812f3661649cb4a474c8\\transformed\\dynamicanimation-1.0.0\\jars\\classes.jar;C:\\Users\\ducle\\.gradle\\caches\\transforms-3\\b95e4729dc4b2f3d16f2f6557da7c923\\transformed\\transition-1.2.0\\jars\\classes.jar;C:\\Users\\ducle\\.gradle\\caches\\transforms-3\\8b6d4e0b50572966a77538f5111eec04\\transformed\\vectordrawable-animated-1.1.0\\jars\\classes.jar;C:\\Users\\ducle\\.gradle\\caches\\transforms-3\\abf506804ab5565fdf44de86a7814b51\\transformed\\vectordrawable-1.1.0\\jars\\classes.jar;C:\\Users\\ducle\\.gradle\\caches\\transforms-3\\a3f11fe2be0a9c5a2a32588959cbcacd\\transformed\\viewpager-1.0.0\\jars\\classes.jar;C:\\Users\\ducle\\.gradle\\caches\\transforms-3\\7c88d4a5b7b8d9f226da88fb08889150\\transformed\\legacy-support-core-utils-1.0.0\\jars\\classes.jar;C:\\Users\\ducle\\.gradle\\caches\\transforms-3\\8218c1b90abbc6f7f3d2a5ba8347fe81\\transformed\\loader-1.0.0\\jars\\classes.jar;C:\\Users\\ducle\\.gradle\\caches\\transforms-3\\1fdc74a0223af3b0bc4711429dee6a06\\transformed\\recyclerview-1.1.0\\jars\\classes.jar;C:\\Users\\ducle\\.gradle\\caches\\transforms-3\\dc5fcb56f051c76c4c64da2cb631ad4b\\transformed\\customview-1.1.0\\jars\\classes.jar;C:\\Users\\ducle\\.gradle\\caches\\transforms-3\\d2d1751390b5163ce5f6f0da4aa1247c\\transformed\\core-1.7.0\\jars\\classes.jar;C:\\Users\\ducle\\.gradle\\caches\\transforms-3\\795dadfa8bae01e20faa6b8a771605ab\\transformed\\cursoradapter-1.0.0\\jars\\classes.jar;C:\\Users\\ducle\\.gradle\\caches\\transforms-3\\9a2416399b6cc48bc51eaedd43708911\\transformed\\lifecycle-viewmodel-savedstate-2.3.1\\jars\\classes.jar;C:\\Users\\ducle\\.gradle\\caches\\transforms-3\\6751272a39e117552adbbcaa0b158ef5\\transformed\\savedstate-1.1.0\\jars\\classes.jar;C:\\Users\\ducle\\.gradle\\caches\\transforms-3\\3b8f8a5501b20e35fdfd51d049698182\\transformed\\lifecycle-viewmodel-2.3.1\\jars\\classes.jar;C:\\Users\\ducle\\.gradle\\caches\\transforms-3\\0191594cd8429631196df2335e0c2642\\transformed\\cardview-1.0.0\\jars\\classes.jar;C:\\Users\\ducle\\.gradle\\caches\\transforms-3\\d9dc382b3b853aec691ef7ad85e964b1\\transformed\\versionedparcelable-1.1.1\\jars\\classes.jar;C:\\Users\\ducle\\.gradle\\caches\\transforms-3\\d6758b0d7cc07407b09e2f30b10bffc9\\transformed\\lifecycle-process-2.4.0\\jars\\classes.jar;C:\\Users\\ducle\\.gradle\\caches\\transforms-3\\ef4efce617ff21a5eaf7758114150b48\\transformed\\startup-runtime-1.0.0\\jars\\classes.jar;C:\\Users\\ducle\\.gradle\\caches\\transforms-3\\2bdf40a4f4f79b0331c38df52348fccf\\transformed\\tracing-1.0.0\\jars\\classes.jar;C:\\Users\\ducle\\.gradle\\caches\\transforms-3\\afa6ca2f4361f68cfb85bf061eb07b04\\transformed\\lifecycle-livedata-2.0.0\\jars\\classes.jar;C:\\Users\\ducle\\.gradle\\caches\\transforms-3\\76513a2a857a80464397a4d2c2051d70\\transformed\\lifecycle-livedata-core-2.3.1\\jars\\classes.jar;C:\\Users\\ducle\\.gradle\\caches\\transforms-3\\a7a5b3bbe7ccab32d421641753db8c7d\\transformed\\lifecycle-runtime-2.4.0\\jars\\classes.jar;C:\\Users\\ducle\\.gradle\\caches\\transforms-3\\878e1a3d62393fef056062d1eb15e370\\transformed\\core-runtime-2.1.0\\jars\\classes.jar;C:\\Users\\ducle\\.gradle\\caches\\transforms-3\\f5b56836a85fca304466c5733edbc811\\transformed\\interpolator-1.0.0\\jars\\classes.jar;C:\\Users\\ducle\\.gradle\\caches\\transforms-3\\fe727cc4c3ed79e05c2b5addfd2cd1c6\\transformed\\documentfile-1.0.0\\jars\\classes.jar;C:\\Users\\ducle\\.gradle\\caches\\transforms-3\\16fecc0753b049f63eee51328396e0cf\\transformed\\localbroadcastmanager-1.0.0\\jars\\classes.jar;C:\\Users\\ducle\\.gradle\\caches\\transforms-3\\eb686fcff6829a23dafcd25ba1757b0e\\transformed\\print-1.0.0\\jars\\classes.jar;C:\\Users\\ducle\\.gradle\\caches\\transforms-3\\b824327941e000b1dba5b37cb280d868\\transformed\\annotation-experimental-1.1.0\\jars\\classes.jar;G:\\lib-ntduc-let\\utils\\AnimationUtils\\build\\intermediates\\compile_and_runtime_not_namespaced_r_class_jar\\debugUnitTest\\R.jar;C:\\Users\\ducle\\.gradle\\caches\\transforms-3\\8cbb043c720a514c4f1921142e61e94b\\transformed\\android.jar
Launcher Type: SUN_STANDARD

[Global flags]
     intx CICompilerCount                          = 4                                         {product} {ergonomic}
     uint ConcGCThreads                            = 2                                         {product} {ergonomic}
     uint G1ConcRefinementThreads                  = 8                                         {product} {ergonomic}
   size_t G1HeapRegionSize                         = 1048576                                   {product} {ergonomic}
    uintx GCDrainStackTargetSize                   = 64                                        {product} {ergonomic}
   size_t InitialHeapSize                          = 268435456                                 {product} {ergonomic}
   size_t MarkStackSize                            = 4194304                                   {product} {ergonomic}
   size_t MaxHeapSize                              = 536870912                                 {product} {command line}
   size_t MinHeapDeltaBytes                        = 1048576                                   {product} {ergonomic}
   size_t MinHeapSize                              = 8388608                                   {product} {ergonomic}
    uintx NonNMethodCodeHeapSize                   = 5839372                                {pd product} {ergonomic}
    uintx NonProfiledCodeHeapSize                  = 122909434                              {pd product} {ergonomic}
    uintx ProfiledCodeHeapSize                     = 122909434                              {pd product} {ergonomic}
    uintx ReservedCodeCacheSize                    = 251658240                              {pd product} {ergonomic}
     bool SegmentedCodeCache                       = true                                      {product} {ergonomic}
   size_t SoftMaxHeapSize                          = 536870912                              {manageable} {ergonomic}
     bool UseCompressedClassPointers               = true                           {product lp64_product} {ergonomic}
     bool UseCompressedOops                        = true                           {product lp64_product} {ergonomic}
     bool UseG1GC                                  = true                                      {product} {ergonomic}
     bool UseLargePagesIndividualAllocation        = false                                  {pd product} {ergonomic}

Logging:
Log output configuration:
 #0: stdout all=warning uptime,level,tags foldmultilines=false
 #1: stderr all=off uptime,level,tags foldmultilines=false

Environment Variables:
JAVA_HOME=C:\Program Files\Java\jdk-18.0.1.1
CLASSPATH=G:\lib-ntduc-let\utils\\gradle\wrapper\gradle-wrapper.jar
PATH=C:\Program Files\PowerShell\7;D:\VMware\VMware Workstation\bin\;C:\Program Files\Common Files\Oracle\Java\javapath;C:\Program Files (x86)\Common Files\Oracle\Java\javapath;C:\WINDOWS\system32;C:\WINDOWS;C:\WINDOWS\System32\Wbem;C:\WINDOWS\System32\WindowsPowerShell\v1.0\;C:\WINDOWS\System32\OpenSSH\;D:\Android\SDK\platform-tools;C:\ffmpeg\bin;C:\Program Files\dotnet\;C:\Program Files (x86)\NVIDIA Corporation\PhysX\Common;C:\Program Files\NVIDIA Corporation\NVIDIA NvDLISR;C:\scrcpy;C:\Program Files\PowerShell\7\;D:\Gpg4win\..\GnuPG\bin;D:\Git\cmd;C:\Users\ducle\AppData\Local\Microsoft\WindowsApps;C:\Program Files\Azure Data Studio\bin;D:\Microsoft VS Code\bin;C:\Users\ducle\AppData\Local\JetBrains\Toolbox\scripts;C:\Users\ducle\AppData\Local\GitHubDesktop\bin
USERNAME=ducle
OS=Windows_NT
PROCESSOR_IDENTIFIER=Intel64 Family 6 Model 158 Stepping 10, GenuineIntel



---------------  S Y S T E M  ---------------

OS:
 Windows 11 , 64 bit Build 22000 (10.0.22000.708)
OS uptime: 3 days 8:28 hours
Hyper-V role detected

CPU: total 8 (initial active 8) (4 cores per cpu, 2 threads per core) family 6 model 158 stepping 10 microcode 0xde, cx8, cmov, fxsr, ht, mmx, 3dnowpref, sse, sse2, sse3, ssse3, sse4.1, sse4.2, popcnt, lzcnt, tsc, tscinvbit, avx, avx2, aes, erms, clmul, bmi1, bmi2, adx, fma, vzeroupper, clflush, clflushopt, hv

Memory: 4k page, system-wide physical 16258M (713M free)
TotalPageFile size 31366M (AvailPageFile size 247M)
current process WorkingSet (physical memory assigned to process): 10M, peak: 10M
current process commit charge ("private bytes"): 59M, peak: 315M

vm_info: Java HotSpot(TM) 64-Bit Server VM (18.0.1.1+2-6) for windows-amd64 JRE (18.0.1.1+2-6), built on Apr 25 2022 21:53:15 by "mach5one" with MS VC++ 16.8 / 16.9 (VS2019)

END.
